<?xml version="1.0" encoding="UTF-8"?>
<!-- Generated by org.testng.reporters.JUnitXMLReporter -->
<testsuite ignored="1" hostname="DESKTOP-OQPM0JT" failures="1" tests="1" name="Default test(failed)" time="0.123" errors="0" timestamp="2025-05-06T19:52:53 IST">
  <testcase classname="annotations.Annotations" name="test02" time="0.014">
    <failure type="java.lang.ArithmeticException" message="/ by zero">
      <![CDATA[java.lang.ArithmeticException: / by zero
at annotations.Annotations.test02(Annotations.java:46)
at java.base/java.util.ArrayList.forEach(ArrayList.java:1511)
... Removed 27 stack frames]]>
    </failure>
  </testcase> <!-- test02 -->
  <testcase classname="annotations.Annotations" name="test01" time="0.0">
    <ignored/>
  </testcase> <!-- test01 -->
</testsuite> <!-- Default test(failed) -->
