<?xml version="1.0" encoding="UTF-8"?>
<testng-results ignored="0" total="1" passed="1" failed="0" skipped="0">
  <reporter-output>
  </reporter-output>
  <suite started-at="2025-05-17T12:59:38 IST" name="Default suite" finished-at="2025-05-17T12:59:47 IST" duration-ms="8468">
    <groups>
    </groups>
    <test started-at="2025-05-17T12:59:38 IST" name="Default test" finished-at="2025-05-17T12:59:47 IST" duration-ms="8468">
      <class name="org.test.FbCheck">
        <test-method is-config="true" signature="browserSetup()[pri:0, instance:org.test.FbCheck@58695725]" started-at="2025-05-17T12:59:38 IST" name="browserSetup" finished-at="2025-05-17T12:59:46 IST" duration-ms="7738" status="PASS">
          <reporter-output>
          </reporter-output>
        </test-method> <!-- browserSetup -->
        <test-method signature="fbtitle()[pri:0, instance:org.test.FbCheck@58695725]" started-at="2025-05-17T12:59:46 IST" name="fbtitle" finished-at="2025-05-17T12:59:46 IST" duration-ms="51" status="PASS">
          <reporter-output>
          </reporter-output>
        </test-method> <!-- fbtitle -->
        <test-method is-config="true" signature="teardown()[pri:0, instance:org.test.FbCheck@58695725]" started-at="2025-05-17T12:59:46 IST" name="teardown" finished-at="2025-05-17T12:59:47 IST" duration-ms="585" status="PASS">
          <reporter-output>
          </reporter-output>
        </test-method> <!-- teardown -->
      </class> <!-- org.test.FbCheck -->
    </test> <!-- Default test -->
  </suite> <!-- Default suite -->
</testng-results>
